[21/12/2017 11:20:36,362] INFO [dao.impl.ConsultasSLAImp:22] [isSLA] Sla [inicio=java.util.GregorianCalendar[time=1512356400000,areFieldsSet=true,areAllFieldsSet=true,lenient=true,zone=sun.util.calendar.ZoneInfo[id="America/Santiago",offset=-14400000,dstSavings=3600000,useDaylight=true,transitions=159,lastRule=java.util.SimpleTimeZone[id=America/Santiago,offset=-14400000,dstSavings=3600000,useDaylight=true,startYear=0,startMode=3,startMonth=9,startDay=9,startDayOfWeek=1,startTime=14400000,startTimeMode=2,endMode=3,endMonth=2,endDay=9,endDayOfWeek=1,endTime=10800000,endTimeMode=2]],firstDayOfWeek=1,minimalDaysInFirstWeek=1,ERA=1,YEAR=2017,MONTH=11,WEEK_OF_YEAR=49,WEEK_OF_MONTH=2,DAY_OF_MONTH=4,DAY_OF_YEAR=338,DAY_OF_WEEK=2,DAY_OF_WEEK_IN_MONTH=1,AM_PM=0,HOUR=0,HOUR_OF_DAY=0,MINUTE=0,SECOND=0,MILLISECOND=0,ZONE_OFFSET=-14400000,DST_OFFSET=3600000], fin=java.util.GregorianCalendar[time=1512615600000,areFieldsSet=true,areAllFieldsSet=true,lenient=true,zone=sun.util.calendar.ZoneInfo[id="America/Santiago",offset=-14400000,dstSavings=3600000,useDaylight=true,transitions=159,lastRule=java.util.SimpleTimeZone[id=America/Santiago,offset=-14400000,dstSavings=3600000,useDaylight=true,startYear=0,startMode=3,startMonth=9,startDay=9,startDayOfWeek=1,startTime=14400000,startTimeMode=2,endMode=3,endMonth=2,endDay=9,endDayOfWeek=1,endTime=10800000,endTimeMode=2]],firstDayOfWeek=1,minimalDaysInFirstWeek=1,ERA=1,YEAR=2017,MONTH=11,WEEK_OF_YEAR=49,WEEK_OF_MONTH=2,DAY_OF_MONTH=7,DAY_OF_YEAR=341,DAY_OF_WEEK=5,DAY_OF_WEEK_IN_MONTH=1,AM_PM=0,HOUR=0,HOUR_OF_DAY=0,MINUTE=0,SECOND=0,MILLISECOND=0,ZONE_OFFSET=-14400000,DST_OFFSET=3600000], horasSla=16.5, horasConsumidas=0.0]
[21/12/2017 11:21:51,328] INFO [dao.impl.ConsultasSLAImp:22] [isSLA] Sla [inicio=Mon Dec 04 00:00:00 CLST 2017, fin=Thu Dec 07 00:00:00 CLST 2017, horasSla=16.5, horasConsumidas=0.0]
[21/12/2017 11:23:06,350] INFO [dao.impl.ConsultasSLAImp:22] [isSLA] Sla [inicio=Mon Dec 04 00:00:00 CLST 2017, fin=Thu Dec 07 00:00:00 CLST 2017, horasSla=16.5, horasConsumidas=0.0]
[21/12/2017 11:23:06,353] INFO [dao.impl.ConsultasSLAImp:45] [getDiasHabiles] fecha inicio metodo Mon Dec 04 00:00:00 CLST 2017
[21/12/2017 11:23:06,354] INFO [dao.impl.ConsultasSLAImp:46] [getDiasHabiles] fecha fin metodo Thu Dec 07 00:00:00 CLST 2017
[21/12/2017 11:23:06,354] INFO [dao.impl.ConsultasSLAImp:48] [getDiasHabiles] entramos al metodo
[21/12/2017 11:23:06,354] INFO [dao.impl.ConsultasSLAImp:50] [getDiasHabiles] entramos al while
[21/12/2017 11:23:06,359] INFO [dao.impl.ConsultasSLAImp:50] [getDiasHabiles] entramos al while
[21/12/2017 11:23:06,359] INFO [dao.impl.ConsultasSLAImp:50] [getDiasHabiles] entramos al while
[21/12/2017 11:23:06,359] INFO [dao.impl.ConsultasSLAImp:50] [getDiasHabiles] entramos al while
[21/12/2017 11:23:06,361] INFO [dao.impl.ConsultasSLAImp:63] [getDiasHabiles] dias habiles: 3
[21/12/2017 11:23:06,361] INFO [dao.impl.ConsultasSLAImp:65] [getDiasHabiles] dias feriados: 0
[21/12/2017 11:23:06,361] INFO [dao.impl.ConsultasSLAImp:69] [getDiasHabiles] dias completos: 1
[21/12/2017 11:23:06,362] INFO [dao.impl.ConsultasSLAImp:26] [isSLA] 27.75
[21/12/2017 11:42:15,002] INFO [dao.impl.ConsultasSLAImp:22] [isSLA] Sla [inicio=Sun Mar 04 10:00:00 CLST 2018, fin=Fri Jun 07 18:00:00 CLT 2019, horasSla=16.5, horasConsumidas=0.0]
[21/12/2017 11:42:15,004] INFO [dao.impl.ConsultasSLAImp:45] [getDiasHabiles] fecha inicio metodo Sun Mar 04 00:00:00 CLST 2018
[21/12/2017 11:42:15,005] INFO [dao.impl.ConsultasSLAImp:46] [getDiasHabiles] fecha fin metodo Fri Jun 07 00:00:00 CLT 2019
[21/12/2017 11:42:15,005] INFO [dao.impl.ConsultasSLAImp:48] [getDiasHabiles] entramos al metodo
[21/12/2017 11:42:15,005] INFO [dao.impl.ConsultasSLAImp:50] [getDiasHabiles] entramos al while
[21/12/2017 11:42:15,007] INFO [dao.impl.ConsultasSLAImp:50] [getDiasHabiles] entramos al while
[21/12/2017 11:42:15,007] INFO [dao.impl.ConsultasSLAImp:50] [getDiasHabiles] entramos al while
[21/12/2017 11:42:15,007] INFO [dao.impl.ConsultasSLAImp:50] [getDiasHabiles] entramos al while
[21/12/2017 11:42:15,007] INFO [dao.impl.ConsultasSLAImp:50] [getDiasHabiles] entramos al while
[21/12/2017 11:42:15,008] INFO [dao.impl.ConsultasSLAImp:50] [getDiasHabiles] entramos al while
[21/12/2017 11:42:15,008] INFO [dao.impl.ConsultasSLAImp:50] [getDiasHabiles] entramos al while
[21/12/2017 11:42:15,008] INFO [dao.impl.ConsultasSLAImp:50] [getDiasHabiles] entramos al while
[21/12/2017 11:42:15,008] INFO [dao.impl.ConsultasSLAImp:50] [getDiasHabiles] entramos al while
[21/12/2017 11:42:15,008] INFO [dao.impl.ConsultasSLAImp:50] [getDiasHabiles] entramos al while
[21/12/2017 11:42:15,008] INFO [dao.impl.ConsultasSLAImp:50] [getDiasHabiles] entramos al while
[21/12/2017 11:42:15,009] INFO [dao.impl.ConsultasSLAImp:50] [getDiasHabiles] entramos al while
[21/12/2017 11:42:15,010] INFO [dao.impl.ConsultasSLAImp:50] [getDiasHabiles] entramos al while
[21/12/2017 11:42:15,011] INFO [dao.impl.ConsultasSLAImp:50] [getDiasHabiles] entramos al while
[21/12/2017 11:42:15,011] INFO [dao.impl.ConsultasSLAImp:50] [getDiasHabiles] entramos al while
[21/12/2017 11:42:15,011] INFO [dao.impl.ConsultasSLAImp:50] [getDiasHabiles] entramos al while
[21/12/2017 11:42:15,011] INFO [dao.impl.ConsultasSLAImp:50] [getDiasHabiles] entramos al while
[21/12/2017 11:42:15,011] INFO [dao.impl.ConsultasSLAImp:50] [getDiasHabiles] entramos al while
[21/12/2017 11:42:15,011] INFO [dao.impl.ConsultasSLAImp:50] [getDiasHabiles] entramos al while
[21/12/2017 11:42:15,012] INFO [dao.impl.ConsultasSLAImp:50] [getDiasHabiles] entramos al while
[21/12/2017 11:42:15,012] INFO [dao.impl.ConsultasSLAImp:50] [getDiasHabiles] entramos al while
[21/12/2017 11:42:15,012] INFO [dao.impl.ConsultasSLAImp:50] [getDiasHabiles] entramos al while
[21/12/2017 11:42:15,012] INFO [dao.impl.ConsultasSLAImp:50] [getDiasHabiles] entramos al while
[21/12/2017 11:42:15,012] INFO [dao.impl.ConsultasSLAImp:50] [getDiasHabiles] entramos al while
[21/12/2017 11:42:15,012] INFO [dao.impl.ConsultasSLAImp:50] [getDiasHabiles] entramos al while
[21/12/2017 11:42:15,012] INFO [dao.impl.ConsultasSLAImp:50] [getDiasHabiles] entramos al while
[21/12/2017 11:42:15,012] INFO [dao.impl.ConsultasSLAImp:50] [getDiasHabiles] entramos al while
[21/12/2017 11:42:15,013] INFO [dao.impl.ConsultasSLAImp:50] [getDiasHabiles] entramos al while
[21/12/2017 11:42:15,013] INFO [dao.impl.ConsultasSLAImp:50] [getDiasHabiles] entramos al while
[21/12/2017 11:42:15,013] INFO [dao.impl.ConsultasSLAImp:50] [getDiasHabiles] entramos al while
[21/12/2017 11:42:15,013] INFO [dao.impl.ConsultasSLAImp:50] [getDiasHabiles] entramos al while
[21/12/2017 11:42:15,013] INFO [dao.impl.ConsultasSLAImp:50] [getDiasHabiles] entramos al while
[21/12/2017 11:42:15,013] INFO [dao.impl.ConsultasSLAImp:50] [getDiasHabiles] entramos al while
[21/12/2017 11:42:15,013] INFO [dao.impl.ConsultasSLAImp:50] [getDiasHabiles] entramos al while
[21/12/2017 11:42:15,013] INFO [dao.impl.ConsultasSLAImp:50] [getDiasHabiles] entramos al while
[21/12/2017 11:42:15,013] INFO [dao.impl.ConsultasSLAImp:50] [getDiasHabiles] entramos al while
[21/12/2017 11:42:15,014] INFO [dao.impl.ConsultasSLAImp:50] [getDiasHabiles] entramos al while
[21/12/2017 11:42:15,014] INFO [dao.impl.ConsultasSLAImp:50] [getDiasHabiles] entramos al while
[21/12/2017 11:42:15,014] INFO [dao.impl.ConsultasSLAImp:50] [getDiasHabiles] entramos al while
[21/12/2017 11:42:15,014] INFO [dao.impl.ConsultasSLAImp:50] [getDiasHabiles] entramos al while
[21/12/2017 11:42:15,014] INFO [dao.impl.ConsultasSLAImp:50] [getDiasHabiles] entramos al while
[21/12/2017 11:42:15,014] INFO [dao.impl.ConsultasSLAImp:50] [getDiasHabiles] entramos al while
[21/12/2017 11:42:15,014] INFO [dao.impl.ConsultasSLAImp:50] [getDiasHabiles] entramos al while
[21/12/2017 11:42:15,014] INFO [dao.impl.ConsultasSLAImp:50] [getDiasHabiles] entramos al while
[21/12/2017 11:42:15,015] INFO [dao.impl.ConsultasSLAImp:50] [getDiasHabiles] entramos al while
[21/12/2017 11:42:15,015] INFO [dao.impl.ConsultasSLAImp:50] [getDiasHabiles] entramos al while
[21/12/2017 11:42:15,015] INFO [dao.impl.ConsultasSLAImp:50] [getDiasHabiles] entramos al while
[21/12/2017 11:42:15,015] INFO [dao.impl.ConsultasSLAImp:50] [getDiasHabiles] entramos al while
[21/12/2017 11:42:15,015] INFO [dao.impl.ConsultasSLAImp:50] [getDiasHabiles] entramos al while
[21/12/2017 11:42:15,015] INFO [dao.impl.ConsultasSLAImp:50] [getDiasHabiles] entramos al while
[21/12/2017 11:42:15,015] INFO [dao.impl.ConsultasSLAImp:50] [getDiasHabiles] entramos al while
[21/12/2017 11:42:15,016] INFO [dao.impl.ConsultasSLAImp:50] [getDiasHabiles] entramos al while
[21/12/2017 11:42:15,016] INFO [dao.impl.ConsultasSLAImp:50] [getDiasHabiles] entramos al while
[21/12/2017 11:42:15,016] INFO [dao.impl.ConsultasSLAImp:50] [getDiasHabiles] entramos al while
[21/12/2017 11:42:15,016] INFO [dao.impl.ConsultasSLAImp:50] [getDiasHabiles] entramos al while
[21/12/2017 11:42:15,016] INFO [dao.impl.ConsultasSLAImp:50] [getDiasHabiles] entramos al while
[21/12/2017 11:42:15,016] INFO [dao.impl.ConsultasSLAImp:50] [getDiasHabiles] entramos al while
[21/12/2017 11:42:15,016] INFO [dao.impl.ConsultasSLAImp:50] [getDiasHabiles] entramos al while
[21/12/2017 11:42:15,017] INFO [dao.impl.ConsultasSLAImp:50] [getDiasHabiles] entramos al while
[21/12/2017 11:42:15,017] INFO [dao.impl.ConsultasSLAImp:50] [getDiasHabiles] entramos al while
[21/12/2017 11:42:15,017] INFO [dao.impl.ConsultasSLAImp:50] [getDiasHabiles] entramos al while
[21/12/2017 11:42:15,017] INFO [dao.impl.ConsultasSLAImp:50] [getDiasHabiles] entramos al while
[21/12/2017 11:42:15,017] INFO [dao.impl.ConsultasSLAImp:50] [getDiasHabiles] entramos al while
[21/12/2017 11:42:15,017] INFO [dao.impl.ConsultasSLAImp:50] [getDiasHabiles] entramos al while
[21/12/2017 11:42:15,017] INFO [dao.impl.ConsultasSLAImp:50] [getDiasHabiles] entramos al while
[21/12/2017 11:42:15,017] INFO [dao.impl.ConsultasSLAImp:50] [getDiasHabiles] entramos al while
[21/12/2017 11:42:15,018] INFO [dao.impl.ConsultasSLAImp:50] [getDiasHabiles] entramos al while
[21/12/2017 11:42:15,018] INFO [dao.impl.ConsultasSLAImp:50] [getDiasHabiles] entramos al while
[21/12/2017 11:42:15,018] INFO [dao.impl.ConsultasSLAImp:50] [getDiasHabiles] entramos al while
[21/12/2017 11:42:15,018] INFO [dao.impl.ConsultasSLAImp:50] [getDiasHabiles] entramos al while
[21/12/2017 11:42:15,018] INFO [dao.impl.ConsultasSLAImp:50] [getDiasHabiles] entramos al while
[21/12/2017 11:42:15,018] INFO [dao.impl.ConsultasSLAImp:50] [getDiasHabiles] entramos al while
[21/12/2017 11:42:15,018] INFO [dao.impl.ConsultasSLAImp:50] [getDiasHabiles] entramos al while
[21/12/2017 11:42:15,018] INFO [dao.impl.ConsultasSLAImp:50] [getDiasHabiles] entramos al while
[21/12/2017 11:42:15,018] INFO [dao.impl.ConsultasSLAImp:50] [getDiasHabiles] entramos al while
[21/12/2017 11:42:15,019] INFO [dao.impl.ConsultasSLAImp:50] [getDiasHabiles] entramos al while
[21/12/2017 11:42:15,019] INFO [dao.impl.ConsultasSLAImp:50] [getDiasHabiles] entramos al while
[21/12/2017 11:42:15,019] INFO [dao.impl.ConsultasSLAImp:50] [getDiasHabiles] entramos al while
[21/12/2017 11:42:15,019] INFO [dao.impl.ConsultasSLAImp:50] [getDiasHabiles] entramos al while
[21/12/2017 11:42:15,019] INFO [dao.impl.ConsultasSLAImp:50] [getDiasHabiles] entramos al while
[21/12/2017 11:42:15,019] INFO [dao.impl.ConsultasSLAImp:50] [getDiasHabiles] entramos al while
[21/12/2017 11:42:15,019] INFO [dao.impl.ConsultasSLAImp:50] [getDiasHabiles] entramos al while
[21/12/2017 11:42:15,019] INFO [dao.impl.ConsultasSLAImp:50] [getDiasHabiles] entramos al while
[21/12/2017 11:42:15,019] INFO [dao.impl.ConsultasSLAImp:50] [getDiasHabiles] entramos al while
[21/12/2017 11:42:15,020] INFO [dao.impl.ConsultasSLAImp:50] [getDiasHabiles] entramos al while
[21/12/2017 11:42:15,020] INFO [dao.impl.ConsultasSLAImp:50] [getDiasHabiles] entramos al while
[21/12/2017 11:42:15,020] INFO [dao.impl.ConsultasSLAImp:50] [getDiasHabiles] entramos al while
[21/12/2017 11:42:15,020] INFO [dao.impl.ConsultasSLAImp:50] [getDiasHabiles] entramos al while
[21/12/2017 11:42:15,020] INFO [dao.impl.ConsultasSLAImp:50] [getDiasHabiles] entramos al while
[21/12/2017 11:42:15,020] INFO [dao.impl.ConsultasSLAImp:50] [getDiasHabiles] entramos al while
[21/12/2017 11:42:15,020] INFO [dao.impl.ConsultasSLAImp:50] [getDiasHabiles] entramos al while
[21/12/2017 11:42:15,020] INFO [dao.impl.ConsultasSLAImp:50] [getDiasHabiles] entramos al while
[21/12/2017 11:42:15,020] INFO [dao.impl.ConsultasSLAImp:50] [getDiasHabiles] entramos al while
[21/12/2017 11:42:15,021] INFO [dao.impl.ConsultasSLAImp:50] [getDiasHabiles] entramos al while
[21/12/2017 11:42:15,021] INFO [dao.impl.ConsultasSLAImp:50] [getDiasHabiles] entramos al while
[21/12/2017 11:42:15,021] INFO [dao.impl.ConsultasSLAImp:50] [getDiasHabiles] entramos al while
[21/12/2017 11:42:15,021] INFO [dao.impl.ConsultasSLAImp:50] [getDiasHabiles] entramos al while
[21/12/2017 11:42:15,021] INFO [dao.impl.ConsultasSLAImp:50] [getDiasHabiles] entramos al while
[21/12/2017 11:42:15,021] INFO [dao.impl.ConsultasSLAImp:50] [getDiasHabiles] entramos al while
[21/12/2017 11:42:15,021] INFO [dao.impl.ConsultasSLAImp:50] [getDiasHabiles] entramos al while
[21/12/2017 11:42:15,021] INFO [dao.impl.ConsultasSLAImp:50] [getDiasHabiles] entramos al while
[21/12/2017 11:42:15,021] INFO [dao.impl.ConsultasSLAImp:50] [getDiasHabiles] entramos al while
[21/12/2017 11:42:15,022] INFO [dao.impl.ConsultasSLAImp:50] [getDiasHabiles] entramos al while
[21/12/2017 11:42:15,022] INFO [dao.impl.ConsultasSLAImp:50] [getDiasHabiles] entramos al while
[21/12/2017 11:42:15,022] INFO [dao.impl.ConsultasSLAImp:50] [getDiasHabiles] entramos al while
[21/12/2017 11:42:15,022] INFO [dao.impl.ConsultasSLAImp:50] [getDiasHabiles] entramos al while
[21/12/2017 11:42:15,022] INFO [dao.impl.ConsultasSLAImp:50] [getDiasHabiles] entramos al while
[21/12/2017 11:42:15,022] INFO [dao.impl.ConsultasSLAImp:50] [getDiasHabiles] entramos al while
[21/12/2017 11:42:15,022] INFO [dao.impl.ConsultasSLAImp:50] [getDiasHabiles] entramos al while
[21/12/2017 11:42:15,023] INFO [dao.impl.ConsultasSLAImp:50] [getDiasHabiles] entramos al while
[21/12/2017 11:42:15,023] INFO [dao.impl.ConsultasSLAImp:50] [getDiasHabiles] entramos al while
[21/12/2017 11:42:15,023] INFO [dao.impl.ConsultasSLAImp:50] [getDiasHabiles] entramos al while
[21/12/2017 11:42:15,023] INFO [dao.impl.ConsultasSLAImp:50] [getDiasHabiles] entramos al while
[21/12/2017 11:42:15,023] INFO [dao.impl.ConsultasSLAImp:50] [getDiasHabiles] entramos al while
[21/12/2017 11:42:15,023] INFO [dao.impl.ConsultasSLAImp:50] [getDiasHabiles] entramos al while
[21/12/2017 11:42:15,023] INFO [dao.impl.ConsultasSLAImp:50] [getDiasHabiles] entramos al while
[21/12/2017 11:42:15,024] INFO [dao.impl.ConsultasSLAImp:50] [getDiasHabiles] entramos al while
[21/12/2017 11:42:15,024] INFO [dao.impl.ConsultasSLAImp:50] [getDiasHabiles] entramos al while
[21/12/2017 11:42:15,024] INFO [dao.impl.ConsultasSLAImp:50] [getDiasHabiles] entramos al while
[21/12/2017 11:42:15,024] INFO [dao.impl.ConsultasSLAImp:50] [getDiasHabiles] entramos al while
[21/12/2017 11:42:15,024] INFO [dao.impl.ConsultasSLAImp:50] [getDiasHabiles] entramos al while
[21/12/2017 11:42:15,024] INFO [dao.impl.ConsultasSLAImp:50] [getDiasHabiles] entramos al while
[21/12/2017 11:42:15,024] INFO [dao.impl.ConsultasSLAImp:50] [getDiasHabiles] entramos al while
[21/12/2017 11:42:15,024] INFO [dao.impl.ConsultasSLAImp:50] [getDiasHabiles] entramos al while
[21/12/2017 11:42:15,025] INFO [dao.impl.ConsultasSLAImp:50] [getDiasHabiles] entramos al while
[21/12/2017 11:42:15,025] INFO [dao.impl.ConsultasSLAImp:50] [getDiasHabiles] entramos al while
[21/12/2017 11:42:15,025] INFO [dao.impl.ConsultasSLAImp:50] [getDiasHabiles] entramos al while
[21/12/2017 11:42:15,026] INFO [dao.impl.ConsultasSLAImp:50] [getDiasHabiles] entramos al while
[21/12/2017 11:42:15,026] INFO [dao.impl.ConsultasSLAImp:50] [getDiasHabiles] entramos al while
[21/12/2017 11:42:15,026] INFO [dao.impl.ConsultasSLAImp:50] [getDiasHabiles] entramos al while
[21/12/2017 11:42:15,026] INFO [dao.impl.ConsultasSLAImp:50] [getDiasHabiles] entramos al while
[21/12/2017 11:42:15,026] INFO [dao.impl.ConsultasSLAImp:50] [getDiasHabiles] entramos al while
[21/12/2017 11:42:15,026] INFO [dao.impl.ConsultasSLAImp:50] [getDiasHabiles] entramos al while
[21/12/2017 11:42:15,026] INFO [dao.impl.ConsultasSLAImp:50] [getDiasHabiles] entramos al while
[21/12/2017 11:42:15,027] INFO [dao.impl.ConsultasSLAImp:50] [getDiasHabiles] entramos al while
[21/12/2017 11:42:15,027] INFO [dao.impl.ConsultasSLAImp:50] [getDiasHabiles] entramos al while
[21/12/2017 11:42:15,027] INFO [dao.impl.ConsultasSLAImp:50] [getDiasHabiles] entramos al while
[21/12/2017 11:42:15,027] INFO [dao.impl.ConsultasSLAImp:50] [getDiasHabiles] entramos al while
[21/12/2017 11:42:15,027] INFO [dao.impl.ConsultasSLAImp:50] [getDiasHabiles] entramos al while
[21/12/2017 11:42:15,027] INFO [dao.impl.ConsultasSLAImp:50] [getDiasHabiles] entramos al while
[21/12/2017 11:42:15,027] INFO [dao.impl.ConsultasSLAImp:50] [getDiasHabiles] entramos al while
[21/12/2017 11:42:15,028] INFO [dao.impl.ConsultasSLAImp:50] [getDiasHabiles] entramos al while
[21/12/2017 11:42:15,028] INFO [dao.impl.ConsultasSLAImp:50] [getDiasHabiles] entramos al while
[21/12/2017 11:42:15,028] INFO [dao.impl.ConsultasSLAImp:50] [getDiasHabiles] entramos al while
[21/12/2017 11:42:15,028] INFO [dao.impl.ConsultasSLAImp:50] [getDiasHabiles] entramos al while
[21/12/2017 11:42:15,028] INFO [dao.impl.ConsultasSLAImp:50] [getDiasHabiles] entramos al while
[21/12/2017 11:42:15,028] INFO [dao.impl.ConsultasSLAImp:50] [getDiasHabiles] entramos al while
[21/12/2017 11:42:15,028] INFO [dao.impl.ConsultasSLAImp:50] [getDiasHabiles] entramos al while
[21/12/2017 11:42:15,028] INFO [dao.impl.ConsultasSLAImp:50] [getDiasHabiles] entramos al while
[21/12/2017 11:42:15,029] INFO [dao.impl.ConsultasSLAImp:50] [getDiasHabiles] entramos al while
[21/12/2017 11:42:15,029] INFO [dao.impl.ConsultasSLAImp:50] [getDiasHabiles] entramos al while
[21/12/2017 11:42:15,029] INFO [dao.impl.ConsultasSLAImp:50] [getDiasHabiles] entramos al while
[21/12/2017 11:42:15,029] INFO [dao.impl.ConsultasSLAImp:50] [getDiasHabiles] entramos al while
[21/12/2017 11:42:15,029] INFO [dao.impl.ConsultasSLAImp:50] [getDiasHabiles] entramos al while
[21/12/2017 11:42:15,029] INFO [dao.impl.ConsultasSLAImp:50] [getDiasHabiles] entramos al while
[21/12/2017 11:42:15,029] INFO [dao.impl.ConsultasSLAImp:50] [getDiasHabiles] entramos al while
[21/12/2017 11:42:15,029] INFO [dao.impl.ConsultasSLAImp:50] [getDiasHabiles] entramos al while
[21/12/2017 11:42:15,029] INFO [dao.impl.ConsultasSLAImp:50] [getDiasHabiles] entramos al while
[21/12/2017 11:42:15,029] INFO [dao.impl.ConsultasSLAImp:50] [getDiasHabiles] entramos al while
[21/12/2017 11:42:15,030] INFO [dao.impl.ConsultasSLAImp:50] [getDiasHabiles] entramos al while
[21/12/2017 11:42:15,030] INFO [dao.impl.ConsultasSLAImp:50] [getDiasHabiles] entramos al while
[21/12/2017 11:42:15,030] INFO [dao.impl.ConsultasSLAImp:50] [getDiasHabiles] entramos al while
[21/12/2017 11:42:15,030] INFO [dao.impl.ConsultasSLAImp:50] [getDiasHabiles] entramos al while
[21/12/2017 11:42:15,030] INFO [dao.impl.ConsultasSLAImp:50] [getDiasHabiles] entramos al while
[21/12/2017 11:42:15,030] INFO [dao.impl.ConsultasSLAImp:50] [getDiasHabiles] entramos al while
[21/12/2017 11:42:15,030] INFO [dao.impl.ConsultasSLAImp:50] [getDiasHabiles] entramos al while
[21/12/2017 11:42:15,030] INFO [dao.impl.ConsultasSLAImp:50] [getDiasHabiles] entramos al while
[21/12/2017 11:42:15,030] INFO [dao.impl.ConsultasSLAImp:50] [getDiasHabiles] entramos al while
[21/12/2017 11:42:15,030] INFO [dao.impl.ConsultasSLAImp:50] [getDiasHabiles] entramos al while
[21/12/2017 11:42:15,031] INFO [dao.impl.ConsultasSLAImp:50] [getDiasHabiles] entramos al while
[21/12/2017 11:42:15,031] INFO [dao.impl.ConsultasSLAImp:50] [getDiasHabiles] entramos al while
[21/12/2017 11:42:15,031] INFO [dao.impl.ConsultasSLAImp:50] [getDiasHabiles] entramos al while
[21/12/2017 11:42:15,031] INFO [dao.impl.ConsultasSLAImp:50] [getDiasHabiles] entramos al while
[21/12/2017 11:42:15,031] INFO [dao.impl.ConsultasSLAImp:50] [getDiasHabiles] entramos al while
[21/12/2017 11:42:15,031] INFO [dao.impl.ConsultasSLAImp:50] [getDiasHabiles] entramos al while
[21/12/2017 11:42:15,031] INFO [dao.impl.ConsultasSLAImp:50] [getDiasHabiles] entramos al while
[21/12/2017 11:42:15,031] INFO [dao.impl.ConsultasSLAImp:50] [getDiasHabiles] entramos al while
[21/12/2017 11:42:15,031] INFO [dao.impl.ConsultasSLAImp:50] [getDiasHabiles] entramos al while
[21/12/2017 11:42:15,032] INFO [dao.impl.ConsultasSLAImp:50] [getDiasHabiles] entramos al while
[21/12/2017 11:42:15,032] INFO [dao.impl.ConsultasSLAImp:50] [getDiasHabiles] entramos al while
[21/12/2017 11:42:15,032] INFO [dao.impl.ConsultasSLAImp:50] [getDiasHabiles] entramos al while
[21/12/2017 11:42:15,032] INFO [dao.impl.ConsultasSLAImp:50] [getDiasHabiles] entramos al while
[21/12/2017 11:42:15,032] INFO [dao.impl.ConsultasSLAImp:50] [getDiasHabiles] entramos al while
[21/12/2017 11:42:15,032] INFO [dao.impl.ConsultasSLAImp:50] [getDiasHabiles] entramos al while
[21/12/2017 11:42:15,032] INFO [dao.impl.ConsultasSLAImp:50] [getDiasHabiles] entramos al while
[21/12/2017 11:42:15,032] INFO [dao.impl.ConsultasSLAImp:50] [getDiasHabiles] entramos al while
[21/12/2017 11:42:15,033] INFO [dao.impl.ConsultasSLAImp:50] [getDiasHabiles] entramos al while
[21/12/2017 11:42:15,033] INFO [dao.impl.ConsultasSLAImp:50] [getDiasHabiles] entramos al while
[21/12/2017 11:42:15,033] INFO [dao.impl.ConsultasSLAImp:50] [getDiasHabiles] entramos al while
[21/12/2017 11:42:15,033] INFO [dao.impl.ConsultasSLAImp:50] [getDiasHabiles] entramos al while
[21/12/2017 11:42:15,033] INFO [dao.impl.ConsultasSLAImp:50] [getDiasHabiles] entramos al while
[21/12/2017 11:42:15,034] INFO [dao.impl.ConsultasSLAImp:50] [getDiasHabiles] entramos al while
[21/12/2017 11:42:15,034] INFO [dao.impl.ConsultasSLAImp:50] [getDiasHabiles] entramos al while
[21/12/2017 11:42:15,034] INFO [dao.impl.ConsultasSLAImp:50] [getDiasHabiles] entramos al while
[21/12/2017 11:42:15,034] INFO [dao.impl.ConsultasSLAImp:50] [getDiasHabiles] entramos al while
[21/12/2017 11:42:15,034] INFO [dao.impl.ConsultasSLAImp:50] [getDiasHabiles] entramos al while
[21/12/2017 11:42:15,034] INFO [dao.impl.ConsultasSLAImp:50] [getDiasHabiles] entramos al while
[21/12/2017 11:42:15,034] INFO [dao.impl.ConsultasSLAImp:50] [getDiasHabiles] entramos al while
[21/12/2017 11:42:15,035] INFO [dao.impl.ConsultasSLAImp:50] [getDiasHabiles] entramos al while
[21/12/2017 11:42:15,035] INFO [dao.impl.ConsultasSLAImp:50] [getDiasHabiles] entramos al while
[21/12/2017 11:42:15,035] INFO [dao.impl.ConsultasSLAImp:50] [getDiasHabiles] entramos al while
[21/12/2017 11:42:15,035] INFO [dao.impl.ConsultasSLAImp:50] [getDiasHabiles] entramos al while
[21/12/2017 11:42:15,035] INFO [dao.impl.ConsultasSLAImp:50] [getDiasHabiles] entramos al while
[21/12/2017 11:42:15,035] INFO [dao.impl.ConsultasSLAImp:50] [getDiasHabiles] entramos al while
[21/12/2017 11:42:15,035] INFO [dao.impl.ConsultasSLAImp:50] [getDiasHabiles] entramos al while
[21/12/2017 11:42:15,035] INFO [dao.impl.ConsultasSLAImp:50] [getDiasHabiles] entramos al while
[21/12/2017 11:42:15,036] INFO [dao.impl.ConsultasSLAImp:50] [getDiasHabiles] entramos al while
[21/12/2017 11:42:15,036] INFO [dao.impl.ConsultasSLAImp:50] [getDiasHabiles] entramos al while
[21/12/2017 11:42:15,036] INFO [dao.impl.ConsultasSLAImp:50] [getDiasHabiles] entramos al while
[21/12/2017 11:42:15,036] INFO [dao.impl.ConsultasSLAImp:50] [getDiasHabiles] entramos al while
[21/12/2017 11:42:15,036] INFO [dao.impl.ConsultasSLAImp:50] [getDiasHabiles] entramos al while
[21/12/2017 11:42:15,036] INFO [dao.impl.ConsultasSLAImp:50] [getDiasHabiles] entramos al while
[21/12/2017 11:42:15,036] INFO [dao.impl.ConsultasSLAImp:50] [getDiasHabiles] entramos al while
[21/12/2017 11:42:15,036] INFO [dao.impl.ConsultasSLAImp:50] [getDiasHabiles] entramos al while
[21/12/2017 11:42:15,036] INFO [dao.impl.ConsultasSLAImp:50] [getDiasHabiles] entramos al while
[21/12/2017 11:42:15,037] INFO [dao.impl.ConsultasSLAImp:50] [getDiasHabiles] entramos al while
[21/12/2017 11:42:15,037] INFO [dao.impl.ConsultasSLAImp:50] [getDiasHabiles] entramos al while
[21/12/2017 11:42:15,037] INFO [dao.impl.ConsultasSLAImp:50] [getDiasHabiles] entramos al while
[21/12/2017 11:42:15,037] INFO [dao.impl.ConsultasSLAImp:50] [getDiasHabiles] entramos al while
[21/12/2017 11:42:15,037] INFO [dao.impl.ConsultasSLAImp:50] [getDiasHabiles] entramos al while
[21/12/2017 11:42:15,037] INFO [dao.impl.ConsultasSLAImp:50] [getDiasHabiles] entramos al while
[21/12/2017 11:42:15,037] INFO [dao.impl.ConsultasSLAImp:50] [getDiasHabiles] entramos al while
[21/12/2017 11:42:15,037] INFO [dao.impl.ConsultasSLAImp:50] [getDiasHabiles] entramos al while
[21/12/2017 11:42:15,038] INFO [dao.impl.ConsultasSLAImp:50] [getDiasHabiles] entramos al while
[21/12/2017 11:42:15,038] INFO [dao.impl.ConsultasSLAImp:50] [getDiasHabiles] entramos al while
[21/12/2017 11:42:15,038] INFO [dao.impl.ConsultasSLAImp:50] [getDiasHabiles] entramos al while
[21/12/2017 11:42:15,038] INFO [dao.impl.ConsultasSLAImp:50] [getDiasHabiles] entramos al while
[21/12/2017 11:42:15,038] INFO [dao.impl.ConsultasSLAImp:50] [getDiasHabiles] entramos al while
[21/12/2017 11:42:15,038] INFO [dao.impl.ConsultasSLAImp:50] [getDiasHabiles] entramos al while
[21/12/2017 11:42:15,039] INFO [dao.impl.ConsultasSLAImp:50] [getDiasHabiles] entramos al while
[21/12/2017 11:42:15,039] INFO [dao.impl.ConsultasSLAImp:50] [getDiasHabiles] entramos al while
[21/12/2017 11:42:15,039] INFO [dao.impl.ConsultasSLAImp:50] [getDiasHabiles] entramos al while
[21/12/2017 11:42:15,039] INFO [dao.impl.ConsultasSLAImp:50] [getDiasHabiles] entramos al while
[21/12/2017 11:42:15,039] INFO [dao.impl.ConsultasSLAImp:50] [getDiasHabiles] entramos al while
[21/12/2017 11:42:15,039] INFO [dao.impl.ConsultasSLAImp:50] [getDiasHabiles] entramos al while
[21/12/2017 11:42:15,039] INFO [dao.impl.ConsultasSLAImp:50] [getDiasHabiles] entramos al while
[21/12/2017 11:42:15,040] INFO [dao.impl.ConsultasSLAImp:50] [getDiasHabiles] entramos al while
[21/12/2017 11:42:15,040] INFO [dao.impl.ConsultasSLAImp:50] [getDiasHabiles] entramos al while
[21/12/2017 11:42:15,040] INFO [dao.impl.ConsultasSLAImp:50] [getDiasHabiles] entramos al while
[21/12/2017 11:42:15,040] INFO [dao.impl.ConsultasSLAImp:50] [getDiasHabiles] entramos al while
[21/12/2017 11:42:15,040] INFO [dao.impl.ConsultasSLAImp:50] [getDiasHabiles] entramos al while
[21/12/2017 11:42:15,040] INFO [dao.impl.ConsultasSLAImp:50] [getDiasHabiles] entramos al while
[21/12/2017 11:42:15,040] INFO [dao.impl.ConsultasSLAImp:50] [getDiasHabiles] entramos al while
[21/12/2017 11:42:15,040] INFO [dao.impl.ConsultasSLAImp:50] [getDiasHabiles] entramos al while
[21/12/2017 11:42:15,040] INFO [dao.impl.ConsultasSLAImp:50] [getDiasHabiles] entramos al while
[21/12/2017 11:42:15,041] INFO [dao.impl.ConsultasSLAImp:50] [getDiasHabiles] entramos al while
[21/12/2017 11:42:15,041] INFO [dao.impl.ConsultasSLAImp:50] [getDiasHabiles] entramos al while
[21/12/2017 11:42:15,041] INFO [dao.impl.ConsultasSLAImp:50] [getDiasHabiles] entramos al while
[21/12/2017 11:42:15,041] INFO [dao.impl.ConsultasSLAImp:50] [getDiasHabiles] entramos al while
[21/12/2017 11:42:15,041] INFO [dao.impl.ConsultasSLAImp:50] [getDiasHabiles] entramos al while
[21/12/2017 11:42:15,041] INFO [dao.impl.ConsultasSLAImp:50] [getDiasHabiles] entramos al while
[21/12/2017 11:42:15,041] INFO [dao.impl.ConsultasSLAImp:50] [getDiasHabiles] entramos al while
[21/12/2017 11:42:15,041] INFO [dao.impl.ConsultasSLAImp:50] [getDiasHabiles] entramos al while
[21/12/2017 11:42:15,041] INFO [dao.impl.ConsultasSLAImp:50] [getDiasHabiles] entramos al while
[21/12/2017 11:42:15,041] INFO [dao.impl.ConsultasSLAImp:50] [getDiasHabiles] entramos al while
[21/12/2017 11:42:15,042] INFO [dao.impl.ConsultasSLAImp:50] [getDiasHabiles] entramos al while
[21/12/2017 11:42:15,042] INFO [dao.impl.ConsultasSLAImp:50] [getDiasHabiles] entramos al while
[21/12/2017 11:42:15,042] INFO [dao.impl.ConsultasSLAImp:50] [getDiasHabiles] entramos al while
[21/12/2017 11:42:15,042] INFO [dao.impl.ConsultasSLAImp:50] [getDiasHabiles] entramos al while
[21/12/2017 11:42:15,042] INFO [dao.impl.ConsultasSLAImp:50] [getDiasHabiles] entramos al while
[21/12/2017 11:42:15,042] INFO [dao.impl.ConsultasSLAImp:50] [getDiasHabiles] entramos al while
[21/12/2017 11:42:15,042] INFO [dao.impl.ConsultasSLAImp:50] [getDiasHabiles] entramos al while
[21/12/2017 11:42:15,042] INFO [dao.impl.ConsultasSLAImp:50] [getDiasHabiles] entramos al while
[21/12/2017 11:42:15,042] INFO [dao.impl.ConsultasSLAImp:50] [getDiasHabiles] entramos al while
[21/12/2017 11:42:15,042] INFO [dao.impl.ConsultasSLAImp:50] [getDiasHabiles] entramos al while
[21/12/2017 11:42:15,042] INFO [dao.impl.ConsultasSLAImp:50] [getDiasHabiles] entramos al while
[21/12/2017 11:42:15,043] INFO [dao.impl.ConsultasSLAImp:50] [getDiasHabiles] entramos al while
[21/12/2017 11:42:15,043] INFO [dao.impl.ConsultasSLAImp:50] [getDiasHabiles] entramos al while
[21/12/2017 11:42:15,043] INFO [dao.impl.ConsultasSLAImp:50] [getDiasHabiles] entramos al while
[21/12/2017 11:42:15,043] INFO [dao.impl.ConsultasSLAImp:50] [getDiasHabiles] entramos al while
[21/12/2017 11:42:15,043] INFO [dao.impl.ConsultasSLAImp:50] [getDiasHabiles] entramos al while
[21/12/2017 11:42:15,043] INFO [dao.impl.ConsultasSLAImp:50] [getDiasHabiles] entramos al while
[21/12/2017 11:42:15,043] INFO [dao.impl.ConsultasSLAImp:50] [getDiasHabiles] entramos al while
[21/12/2017 11:42:15,043] INFO [dao.impl.ConsultasSLAImp:50] [getDiasHabiles] entramos al while
[21/12/2017 11:42:15,044] INFO [dao.impl.ConsultasSLAImp:50] [getDiasHabiles] entramos al while
[21/12/2017 11:42:15,044] INFO [dao.impl.ConsultasSLAImp:50] [getDiasHabiles] entramos al while
[21/12/2017 11:42:15,044] INFO [dao.impl.ConsultasSLAImp:50] [getDiasHabiles] entramos al while
[21/12/2017 11:42:15,044] INFO [dao.impl.ConsultasSLAImp:50] [getDiasHabiles] entramos al while
[21/12/2017 11:42:15,044] INFO [dao.impl.ConsultasSLAImp:50] [getDiasHabiles] entramos al while
[21/12/2017 11:42:15,044] INFO [dao.impl.ConsultasSLAImp:50] [getDiasHabiles] entramos al while
[21/12/2017 11:42:15,044] INFO [dao.impl.ConsultasSLAImp:50] [getDiasHabiles] entramos al while
[21/12/2017 11:42:15,044] INFO [dao.impl.ConsultasSLAImp:50] [getDiasHabiles] entramos al while
[21/12/2017 11:42:15,044] INFO [dao.impl.ConsultasSLAImp:50] [getDiasHabiles] entramos al while
[21/12/2017 11:42:15,045] INFO [dao.impl.ConsultasSLAImp:50] [getDiasHabiles] entramos al while
[21/12/2017 11:42:15,045] INFO [dao.impl.ConsultasSLAImp:50] [getDiasHabiles] entramos al while
[21/12/2017 11:42:15,045] INFO [dao.impl.ConsultasSLAImp:50] [getDiasHabiles] entramos al while
[21/12/2017 11:42:15,045] INFO [dao.impl.ConsultasSLAImp:50] [getDiasHabiles] entramos al while
[21/12/2017 11:42:15,045] INFO [dao.impl.ConsultasSLAImp:50] [getDiasHabiles] entramos al while
[21/12/2017 11:42:15,045] INFO [dao.impl.ConsultasSLAImp:50] [getDiasHabiles] entramos al while
[21/12/2017 11:42:15,045] INFO [dao.impl.ConsultasSLAImp:50] [getDiasHabiles] entramos al while
[21/12/2017 11:42:15,045] INFO [dao.impl.ConsultasSLAImp:50] [getDiasHabiles] entramos al while
[21/12/2017 11:42:15,045] INFO [dao.impl.ConsultasSLAImp:50] [getDiasHabiles] entramos al while
[21/12/2017 11:42:15,045] INFO [dao.impl.ConsultasSLAImp:50] [getDiasHabiles] entramos al while
[21/12/2017 11:42:15,045] INFO [dao.impl.ConsultasSLAImp:50] [getDiasHabiles] entramos al while
[21/12/2017 11:42:15,046] INFO [dao.impl.ConsultasSLAImp:50] [getDiasHabiles] entramos al while
[21/12/2017 11:42:15,046] INFO [dao.impl.ConsultasSLAImp:50] [getDiasHabiles] entramos al while
[21/12/2017 11:42:15,046] INFO [dao.impl.ConsultasSLAImp:50] [getDiasHabiles] entramos al while
[21/12/2017 11:42:15,046] INFO [dao.impl.ConsultasSLAImp:50] [getDiasHabiles] entramos al while
[21/12/2017 11:42:15,046] INFO [dao.impl.ConsultasSLAImp:50] [getDiasHabiles] entramos al while
[21/12/2017 11:42:15,046] INFO [dao.impl.ConsultasSLAImp:50] [getDiasHabiles] entramos al while
[21/12/2017 11:42:15,046] INFO [dao.impl.ConsultasSLAImp:50] [getDiasHabiles] entramos al while
[21/12/2017 11:42:15,046] INFO [dao.impl.ConsultasSLAImp:50] [getDiasHabiles] entramos al while
[21/12/2017 11:42:15,046] INFO [dao.impl.ConsultasSLAImp:50] [getDiasHabiles] entramos al while
[21/12/2017 11:42:15,046] INFO [dao.impl.ConsultasSLAImp:50] [getDiasHabiles] entramos al while
[21/12/2017 11:42:15,046] INFO [dao.impl.ConsultasSLAImp:50] [getDiasHabiles] entramos al while
[21/12/2017 11:42:15,047] INFO [dao.impl.ConsultasSLAImp:50] [getDiasHabiles] entramos al while
[21/12/2017 11:42:15,047] INFO [dao.impl.ConsultasSLAImp:50] [getDiasHabiles] entramos al while
[21/12/2017 11:42:15,047] INFO [dao.impl.ConsultasSLAImp:50] [getDiasHabiles] entramos al while
[21/12/2017 11:42:15,047] INFO [dao.impl.ConsultasSLAImp:50] [getDiasHabiles] entramos al while
[21/12/2017 11:42:15,047] INFO [dao.impl.ConsultasSLAImp:50] [getDiasHabiles] entramos al while
[21/12/2017 11:42:15,047] INFO [dao.impl.ConsultasSLAImp:50] [getDiasHabiles] entramos al while
[21/12/2017 11:42:15,047] INFO [dao.impl.ConsultasSLAImp:50] [getDiasHabiles] entramos al while
[21/12/2017 11:42:15,047] INFO [dao.impl.ConsultasSLAImp:50] [getDiasHabiles] entramos al while
[21/12/2017 11:42:15,047] INFO [dao.impl.ConsultasSLAImp:50] [getDiasHabiles] entramos al while
[21/12/2017 11:42:15,047] INFO [dao.impl.ConsultasSLAImp:50] [getDiasHabiles] entramos al while
[21/12/2017 11:42:15,047] INFO [dao.impl.ConsultasSLAImp:50] [getDiasHabiles] entramos al while
[21/12/2017 11:42:15,048] INFO [dao.impl.ConsultasSLAImp:50] [getDiasHabiles] entramos al while
[21/12/2017 11:42:15,048] INFO [dao.impl.ConsultasSLAImp:50] [getDiasHabiles] entramos al while
[21/12/2017 11:42:15,048] INFO [dao.impl.ConsultasSLAImp:50] [getDiasHabiles] entramos al while
[21/12/2017 11:42:15,048] INFO [dao.impl.ConsultasSLAImp:50] [getDiasHabiles] entramos al while
[21/12/2017 11:42:15,048] INFO [dao.impl.ConsultasSLAImp:50] [getDiasHabiles] entramos al while
[21/12/2017 11:42:15,048] INFO [dao.impl.ConsultasSLAImp:50] [getDiasHabiles] entramos al while
[21/12/2017 11:42:15,048] INFO [dao.impl.ConsultasSLAImp:50] [getDiasHabiles] entramos al while
[21/12/2017 11:42:15,048] INFO [dao.impl.ConsultasSLAImp:50] [getDiasHabiles] entramos al while
[21/12/2017 11:42:15,048] INFO [dao.impl.ConsultasSLAImp:50] [getDiasHabiles] entramos al while
[21/12/2017 11:42:15,048] INFO [dao.impl.ConsultasSLAImp:50] [getDiasHabiles] entramos al while
[21/12/2017 11:42:15,048] INFO [dao.impl.ConsultasSLAImp:50] [getDiasHabiles] entramos al while
[21/12/2017 11:42:15,049] INFO [dao.impl.ConsultasSLAImp:50] [getDiasHabiles] entramos al while
[21/12/2017 11:42:15,049] INFO [dao.impl.ConsultasSLAImp:50] [getDiasHabiles] entramos al while
[21/12/2017 11:42:15,049] INFO [dao.impl.ConsultasSLAImp:50] [getDiasHabiles] entramos al while
[21/12/2017 11:42:15,049] INFO [dao.impl.ConsultasSLAImp:50] [getDiasHabiles] entramos al while
[21/12/2017 11:42:15,049] INFO [dao.impl.ConsultasSLAImp:50] [getDiasHabiles] entramos al while
[21/12/2017 11:42:15,049] INFO [dao.impl.ConsultasSLAImp:50] [getDiasHabiles] entramos al while
[21/12/2017 11:42:15,049] INFO [dao.impl.ConsultasSLAImp:50] [getDiasHabiles] entramos al while
[21/12/2017 11:42:15,049] INFO [dao.impl.ConsultasSLAImp:50] [getDiasHabiles] entramos al while
[21/12/2017 11:42:15,049] INFO [dao.impl.ConsultasSLAImp:50] [getDiasHabiles] entramos al while
[21/12/2017 11:42:15,049] INFO [dao.impl.ConsultasSLAImp:50] [getDiasHabiles] entramos al while
[21/12/2017 11:42:15,049] INFO [dao.impl.ConsultasSLAImp:50] [getDiasHabiles] entramos al while
[21/12/2017 11:42:15,050] INFO [dao.impl.ConsultasSLAImp:50] [getDiasHabiles] entramos al while
[21/12/2017 11:42:15,050] INFO [dao.impl.ConsultasSLAImp:50] [getDiasHabiles] entramos al while
[21/12/2017 11:42:15,050] INFO [dao.impl.ConsultasSLAImp:50] [getDiasHabiles] entramos al while
[21/12/2017 11:42:15,050] INFO [dao.impl.ConsultasSLAImp:50] [getDiasHabiles] entramos al while
[21/12/2017 11:42:15,050] INFO [dao.impl.ConsultasSLAImp:50] [getDiasHabiles] entramos al while
[21/12/2017 11:42:15,050] INFO [dao.impl.ConsultasSLAImp:50] [getDiasHabiles] entramos al while
[21/12/2017 11:42:15,050] INFO [dao.impl.ConsultasSLAImp:50] [getDiasHabiles] entramos al while
[21/12/2017 11:42:15,050] INFO [dao.impl.ConsultasSLAImp:50] [getDiasHabiles] entramos al while
[21/12/2017 11:42:15,050] INFO [dao.impl.ConsultasSLAImp:50] [getDiasHabiles] entramos al while
[21/12/2017 11:42:15,050] INFO [dao.impl.ConsultasSLAImp:50] [getDiasHabiles] entramos al while
[21/12/2017 11:42:15,050] INFO [dao.impl.ConsultasSLAImp:50] [getDiasHabiles] entramos al while
[21/12/2017 11:42:15,050] INFO [dao.impl.ConsultasSLAImp:50] [getDiasHabiles] entramos al while
[21/12/2017 11:42:15,051] INFO [dao.impl.ConsultasSLAImp:50] [getDiasHabiles] entramos al while
[21/12/2017 11:42:15,051] INFO [dao.impl.ConsultasSLAImp:50] [getDiasHabiles] entramos al while
[21/12/2017 11:42:15,051] INFO [dao.impl.ConsultasSLAImp:50] [getDiasHabiles] entramos al while
[21/12/2017 11:42:15,051] INFO [dao.impl.ConsultasSLAImp:50] [getDiasHabiles] entramos al while
[21/12/2017 11:42:15,051] INFO [dao.impl.ConsultasSLAImp:50] [getDiasHabiles] entramos al while
[21/12/2017 11:42:15,051] INFO [dao.impl.ConsultasSLAImp:50] [getDiasHabiles] entramos al while
[21/12/2017 11:42:15,051] INFO [dao.impl.ConsultasSLAImp:50] [getDiasHabiles] entramos al while
[21/12/2017 11:42:15,051] INFO [dao.impl.ConsultasSLAImp:50] [getDiasHabiles] entramos al while
[21/12/2017 11:42:15,051] INFO [dao.impl.ConsultasSLAImp:50] [getDiasHabiles] entramos al while
[21/12/2017 11:42:15,051] INFO [dao.impl.ConsultasSLAImp:50] [getDiasHabiles] entramos al while
[21/12/2017 11:42:15,051] INFO [dao.impl.ConsultasSLAImp:50] [getDiasHabiles] entramos al while
[21/12/2017 11:42:15,052] INFO [dao.impl.ConsultasSLAImp:50] [getDiasHabiles] entramos al while
[21/12/2017 11:42:15,052] INFO [dao.impl.ConsultasSLAImp:50] [getDiasHabiles] entramos al while
[21/12/2017 11:42:15,052] INFO [dao.impl.ConsultasSLAImp:50] [getDiasHabiles] entramos al while
[21/12/2017 11:42:15,052] INFO [dao.impl.ConsultasSLAImp:50] [getDiasHabiles] entramos al while
[21/12/2017 11:42:15,052] INFO [dao.impl.ConsultasSLAImp:50] [getDiasHabiles] entramos al while
[21/12/2017 11:42:15,052] INFO [dao.impl.ConsultasSLAImp:50] [getDiasHabiles] entramos al while
[21/12/2017 11:42:15,052] INFO [dao.impl.ConsultasSLAImp:50] [getDiasHabiles] entramos al while
[21/12/2017 11:42:15,052] INFO [dao.impl.ConsultasSLAImp:50] [getDiasHabiles] entramos al while
[21/12/2017 11:42:15,052] INFO [dao.impl.ConsultasSLAImp:50] [getDiasHabiles] entramos al while
[21/12/2017 11:42:15,053] INFO [dao.impl.ConsultasSLAImp:50] [getDiasHabiles] entramos al while
[21/12/2017 11:42:15,053] INFO [dao.impl.ConsultasSLAImp:50] [getDiasHabiles] entramos al while
[21/12/2017 11:42:15,053] INFO [dao.impl.ConsultasSLAImp:50] [getDiasHabiles] entramos al while
[21/12/2017 11:42:15,053] INFO [dao.impl.ConsultasSLAImp:50] [getDiasHabiles] entramos al while
[21/12/2017 11:42:15,053] INFO [dao.impl.ConsultasSLAImp:50] [getDiasHabiles] entramos al while
[21/12/2017 11:42:15,053] INFO [dao.impl.ConsultasSLAImp:50] [getDiasHabiles] entramos al while
[21/12/2017 11:42:15,054] INFO [dao.impl.ConsultasSLAImp:50] [getDiasHabiles] entramos al while
[21/12/2017 11:42:15,054] INFO [dao.impl.ConsultasSLAImp:50] [getDiasHabiles] entramos al while
[21/12/2017 11:42:15,054] INFO [dao.impl.ConsultasSLAImp:50] [getDiasHabiles] entramos al while
[21/12/2017 11:42:15,054] INFO [dao.impl.ConsultasSLAImp:50] [getDiasHabiles] entramos al while
[21/12/2017 11:42:15,054] INFO [dao.impl.ConsultasSLAImp:50] [getDiasHabiles] entramos al while
[21/12/2017 11:42:15,054] INFO [dao.impl.ConsultasSLAImp:50] [getDiasHabiles] entramos al while
[21/12/2017 11:42:15,054] INFO [dao.impl.ConsultasSLAImp:50] [getDiasHabiles] entramos al while
[21/12/2017 11:42:15,054] INFO [dao.impl.ConsultasSLAImp:50] [getDiasHabiles] entramos al while
[21/12/2017 11:42:15,054] INFO [dao.impl.ConsultasSLAImp:50] [getDiasHabiles] entramos al while
[21/12/2017 11:42:15,055] INFO [dao.impl.ConsultasSLAImp:50] [getDiasHabiles] entramos al while
[21/12/2017 11:42:15,055] INFO [dao.impl.ConsultasSLAImp:50] [getDiasHabiles] entramos al while
[21/12/2017 11:42:15,055] INFO [dao.impl.ConsultasSLAImp:50] [getDiasHabiles] entramos al while
[21/12/2017 11:42:15,055] INFO [dao.impl.ConsultasSLAImp:50] [getDiasHabiles] entramos al while
[21/12/2017 11:42:15,055] INFO [dao.impl.ConsultasSLAImp:50] [getDiasHabiles] entramos al while
[21/12/2017 11:42:15,055] INFO [dao.impl.ConsultasSLAImp:50] [getDiasHabiles] entramos al while
[21/12/2017 11:42:15,055] INFO [dao.impl.ConsultasSLAImp:50] [getDiasHabiles] entramos al while
[21/12/2017 11:42:15,055] INFO [dao.impl.ConsultasSLAImp:50] [getDiasHabiles] entramos al while
[21/12/2017 11:42:15,055] INFO [dao.impl.ConsultasSLAImp:50] [getDiasHabiles] entramos al while
[21/12/2017 11:42:15,055] INFO [dao.impl.ConsultasSLAImp:50] [getDiasHabiles] entramos al while
[21/12/2017 11:42:15,055] INFO [dao.impl.ConsultasSLAImp:50] [getDiasHabiles] entramos al while
[21/12/2017 11:42:15,055] INFO [dao.impl.ConsultasSLAImp:50] [getDiasHabiles] entramos al while
[21/12/2017 11:42:15,056] INFO [dao.impl.ConsultasSLAImp:50] [getDiasHabiles] entramos al while
[21/12/2017 11:42:15,056] INFO [dao.impl.ConsultasSLAImp:50] [getDiasHabiles] entramos al while
[21/12/2017 11:42:15,056] INFO [dao.impl.ConsultasSLAImp:50] [getDiasHabiles] entramos al while
[21/12/2017 11:42:15,056] INFO [dao.impl.ConsultasSLAImp:50] [getDiasHabiles] entramos al while
[21/12/2017 11:42:15,056] INFO [dao.impl.ConsultasSLAImp:50] [getDiasHabiles] entramos al while
[21/12/2017 11:42:15,056] INFO [dao.impl.ConsultasSLAImp:50] [getDiasHabiles] entramos al while
[21/12/2017 11:42:15,056] INFO [dao.impl.ConsultasSLAImp:50] [getDiasHabiles] entramos al while
[21/12/2017 11:42:15,056] INFO [dao.impl.ConsultasSLAImp:50] [getDiasHabiles] entramos al while
[21/12/2017 11:42:15,056] INFO [dao.impl.ConsultasSLAImp:50] [getDiasHabiles] entramos al while
[21/12/2017 11:42:15,057] INFO [dao.impl.ConsultasSLAImp:50] [getDiasHabiles] entramos al while
[21/12/2017 11:42:15,057] INFO [dao.impl.ConsultasSLAImp:50] [getDiasHabiles] entramos al while
[21/12/2017 11:42:15,057] INFO [dao.impl.ConsultasSLAImp:50] [getDiasHabiles] entramos al while
[21/12/2017 11:42:15,057] INFO [dao.impl.ConsultasSLAImp:50] [getDiasHabiles] entramos al while
[21/12/2017 11:42:15,057] INFO [dao.impl.ConsultasSLAImp:50] [getDiasHabiles] entramos al while
[21/12/2017 11:42:15,057] INFO [dao.impl.ConsultasSLAImp:50] [getDiasHabiles] entramos al while
[21/12/2017 11:42:15,057] INFO [dao.impl.ConsultasSLAImp:50] [getDiasHabiles] entramos al while
[21/12/2017 11:42:15,058] INFO [dao.impl.ConsultasSLAImp:50] [getDiasHabiles] entramos al while
[21/12/2017 11:42:15,058] INFO [dao.impl.ConsultasSLAImp:50] [getDiasHabiles] entramos al while
[21/12/2017 11:42:15,058] INFO [dao.impl.ConsultasSLAImp:50] [getDiasHabiles] entramos al while
[21/12/2017 11:42:15,058] INFO [dao.impl.ConsultasSLAImp:50] [getDiasHabiles] entramos al while
[21/12/2017 11:42:15,058] INFO [dao.impl.ConsultasSLAImp:50] [getDiasHabiles] entramos al while
[21/12/2017 11:42:15,058] INFO [dao.impl.ConsultasSLAImp:50] [getDiasHabiles] entramos al while
[21/12/2017 11:42:15,058] INFO [dao.impl.ConsultasSLAImp:50] [getDiasHabiles] entramos al while
[21/12/2017 11:42:15,058] INFO [dao.impl.ConsultasSLAImp:50] [getDiasHabiles] entramos al while
[21/12/2017 11:42:15,058] INFO [dao.impl.ConsultasSLAImp:50] [getDiasHabiles] entramos al while
[21/12/2017 11:42:15,058] INFO [dao.impl.ConsultasSLAImp:50] [getDiasHabiles] entramos al while
[21/12/2017 11:42:15,058] INFO [dao.impl.ConsultasSLAImp:50] [getDiasHabiles] entramos al while
[21/12/2017 11:42:15,059] INFO [dao.impl.ConsultasSLAImp:50] [getDiasHabiles] entramos al while
[21/12/2017 11:42:15,059] INFO [dao.impl.ConsultasSLAImp:50] [getDiasHabiles] entramos al while
[21/12/2017 11:42:15,059] INFO [dao.impl.ConsultasSLAImp:50] [getDiasHabiles] entramos al while
[21/12/2017 11:42:15,059] INFO [dao.impl.ConsultasSLAImp:50] [getDiasHabiles] entramos al while
[21/12/2017 11:42:15,059] INFO [dao.impl.ConsultasSLAImp:50] [getDiasHabiles] entramos al while
[21/12/2017 11:42:15,059] INFO [dao.impl.ConsultasSLAImp:50] [getDiasHabiles] entramos al while
[21/12/2017 11:42:15,059] INFO [dao.impl.ConsultasSLAImp:50] [getDiasHabiles] entramos al while
[21/12/2017 11:42:15,059] INFO [dao.impl.ConsultasSLAImp:50] [getDiasHabiles] entramos al while
[21/12/2017 11:42:15,059] INFO [dao.impl.ConsultasSLAImp:50] [getDiasHabiles] entramos al while
[21/12/2017 11:42:15,059] INFO [dao.impl.ConsultasSLAImp:50] [getDiasHabiles] entramos al while
[21/12/2017 11:42:15,059] INFO [dao.impl.ConsultasSLAImp:50] [getDiasHabiles] entramos al while
[21/12/2017 11:42:15,059] INFO [dao.impl.ConsultasSLAImp:50] [getDiasHabiles] entramos al while
[21/12/2017 11:42:15,060] INFO [dao.impl.ConsultasSLAImp:50] [getDiasHabiles] entramos al while
[21/12/2017 11:42:15,060] INFO [dao.impl.ConsultasSLAImp:50] [getDiasHabiles] entramos al while
[21/12/2017 11:42:15,060] INFO [dao.impl.ConsultasSLAImp:50] [getDiasHabiles] entramos al while
[21/12/2017 11:42:15,060] INFO [dao.impl.ConsultasSLAImp:50] [getDiasHabiles] entramos al while
[21/12/2017 11:42:15,060] INFO [dao.impl.ConsultasSLAImp:50] [getDiasHabiles] entramos al while
[21/12/2017 11:42:15,060] INFO [dao.impl.ConsultasSLAImp:50] [getDiasHabiles] entramos al while
[21/12/2017 11:42:15,060] INFO [dao.impl.ConsultasSLAImp:50] [getDiasHabiles] entramos al while
[21/12/2017 11:42:15,060] INFO [dao.impl.ConsultasSLAImp:50] [getDiasHabiles] entramos al while
[21/12/2017 11:42:15,060] INFO [dao.impl.ConsultasSLAImp:50] [getDiasHabiles] entramos al while
[21/12/2017 11:42:15,060] INFO [dao.impl.ConsultasSLAImp:50] [getDiasHabiles] entramos al while
[21/12/2017 11:42:15,060] INFO [dao.impl.ConsultasSLAImp:50] [getDiasHabiles] entramos al while
[21/12/2017 11:42:15,060] INFO [dao.impl.ConsultasSLAImp:50] [getDiasHabiles] entramos al while
[21/12/2017 11:42:15,061] INFO [dao.impl.ConsultasSLAImp:50] [getDiasHabiles] entramos al while
[21/12/2017 11:42:15,061] INFO [dao.impl.ConsultasSLAImp:50] [getDiasHabiles] entramos al while
[21/12/2017 11:42:15,061] INFO [dao.impl.ConsultasSLAImp:50] [getDiasHabiles] entramos al while
[21/12/2017 11:42:15,061] INFO [dao.impl.ConsultasSLAImp:50] [getDiasHabiles] entramos al while
[21/12/2017 11:42:15,061] INFO [dao.impl.ConsultasSLAImp:50] [getDiasHabiles] entramos al while
[21/12/2017 11:42:15,061] INFO [dao.impl.ConsultasSLAImp:50] [getDiasHabiles] entramos al while
[21/12/2017 11:42:15,061] INFO [dao.impl.ConsultasSLAImp:50] [getDiasHabiles] entramos al while
[21/12/2017 11:42:15,061] INFO [dao.impl.ConsultasSLAImp:50] [getDiasHabiles] entramos al while
[21/12/2017 11:42:15,061] INFO [dao.impl.ConsultasSLAImp:50] [getDiasHabiles] entramos al while
[21/12/2017 11:42:15,061] INFO [dao.impl.ConsultasSLAImp:50] [getDiasHabiles] entramos al while
[21/12/2017 11:42:15,061] INFO [dao.impl.ConsultasSLAImp:50] [getDiasHabiles] entramos al while
[21/12/2017 11:42:15,062] INFO [dao.impl.ConsultasSLAImp:50] [getDiasHabiles] entramos al while
[21/12/2017 11:42:15,062] INFO [dao.impl.ConsultasSLAImp:50] [getDiasHabiles] entramos al while
[21/12/2017 11:42:15,063] INFO [dao.impl.ConsultasSLAImp:63] [getDiasHabiles] dias habiles: 329
[21/12/2017 11:42:15,064] INFO [dao.impl.ConsultasSLAImp:65] [getDiasHabiles] dias feriados: 2
[21/12/2017 11:42:15,064] INFO [dao.impl.ConsultasSLAImp:69] [getDiasHabiles] dias completos: 325
[21/12/2017 11:42:15,064] INFO [dao.impl.ConsultasSLAImp:26] [isSLA] 3024.75
[21/12/2017 11:43:19,884] INFO [dao.impl.ConsultasSLAImp:22] [isSLA] Sla [inicio=Mon Dec 04 10:15:00 CLST 2017, fin=Thu Dec 07 18:30:00 CLST 2017, horasSla=16.5, horasConsumidas=0.0]
[21/12/2017 11:43:19,886] INFO [dao.impl.ConsultasSLAImp:45] [getDiasHabiles] fecha inicio metodo Mon Dec 04 00:00:00 CLST 2017
[21/12/2017 11:43:19,887] INFO [dao.impl.ConsultasSLAImp:46] [getDiasHabiles] fecha fin metodo Thu Dec 07 00:00:00 CLST 2017
[21/12/2017 11:43:19,887] INFO [dao.impl.ConsultasSLAImp:48] [getDiasHabiles] entramos al metodo
[21/12/2017 11:43:19,887] INFO [dao.impl.ConsultasSLAImp:50] [getDiasHabiles] entramos al while
[21/12/2017 11:43:19,889] INFO [dao.impl.ConsultasSLAImp:50] [getDiasHabiles] entramos al while
[21/12/2017 11:43:19,890] INFO [dao.impl.ConsultasSLAImp:50] [getDiasHabiles] entramos al while
[21/12/2017 11:43:19,890] INFO [dao.impl.ConsultasSLAImp:50] [getDiasHabiles] entramos al while
[21/12/2017 11:43:19,892] INFO [dao.impl.ConsultasSLAImp:63] [getDiasHabiles] dias habiles: 3
[21/12/2017 11:43:19,892] INFO [dao.impl.ConsultasSLAImp:65] [getDiasHabiles] dias feriados: 0
[21/12/2017 11:43:19,892] INFO [dao.impl.ConsultasSLAImp:69] [getDiasHabiles] dias completos: 1
[21/12/2017 11:43:19,893] INFO [dao.impl.ConsultasSLAImp:26] [isSLA] 35.5
[21/12/2017 11:43:50,901] INFO [dao.impl.ConsultasSLAImp:22] [isSLA] Sla [inicio=Mon Dec 04 10:15:02 CLST 2017, fin=Thu Dec 07 18:30:15 CLST 2017, horasSla=16.5, horasConsumidas=0.0]
[21/12/2017 11:43:50,904] INFO [dao.impl.ConsultasSLAImp:45] [getDiasHabiles] fecha inicio metodo Mon Dec 04 00:00:00 CLST 2017
[21/12/2017 11:43:50,904] INFO [dao.impl.ConsultasSLAImp:46] [getDiasHabiles] fecha fin metodo Thu Dec 07 00:00:00 CLST 2017
[21/12/2017 11:43:50,904] INFO [dao.impl.ConsultasSLAImp:48] [getDiasHabiles] entramos al metodo
[21/12/2017 11:43:50,905] INFO [dao.impl.ConsultasSLAImp:50] [getDiasHabiles] entramos al while
[21/12/2017 11:43:50,906] INFO [dao.impl.ConsultasSLAImp:50] [getDiasHabiles] entramos al while
[21/12/2017 11:43:50,906] INFO [dao.impl.ConsultasSLAImp:50] [getDiasHabiles] entramos al while
[21/12/2017 11:43:50,907] INFO [dao.impl.ConsultasSLAImp:50] [getDiasHabiles] entramos al while
[21/12/2017 11:43:50,909] INFO [dao.impl.ConsultasSLAImp:63] [getDiasHabiles] dias habiles: 3
[21/12/2017 11:43:50,909] INFO [dao.impl.ConsultasSLAImp:65] [getDiasHabiles] dias feriados: 0
[21/12/2017 11:43:50,909] INFO [dao.impl.ConsultasSLAImp:69] [getDiasHabiles] dias completos: 1
[21/12/2017 11:43:50,910] INFO [dao.impl.ConsultasSLAImp:26] [isSLA] 35.5
[21/12/2017 11:45:22,663] INFO [dao.impl.ConsultasSLAImp:22] [isSLA] Sla [inicio=Mon Dec 04 10:15:02 CLST 2017, fin=Mon Dec 04 18:30:15 CLST 2017, horasSla=16.5, horasConsumidas=0.0]
[21/12/2017 11:45:22,667] INFO [dao.impl.ConsultasSLAImp:45] [getDiasHabiles] fecha inicio metodo Mon Dec 04 00:00:00 CLST 2017
[21/12/2017 11:45:22,667] INFO [dao.impl.ConsultasSLAImp:46] [getDiasHabiles] fecha fin metodo Mon Dec 04 00:00:00 CLST 2017
[21/12/2017 11:45:22,667] INFO [dao.impl.ConsultasSLAImp:48] [getDiasHabiles] entramos al metodo
[21/12/2017 11:45:22,667] INFO [dao.impl.ConsultasSLAImp:50] [getDiasHabiles] entramos al while
[21/12/2017 11:45:22,671] INFO [dao.impl.ConsultasSLAImp:63] [getDiasHabiles] dias habiles: 0
[21/12/2017 11:45:22,671] INFO [dao.impl.ConsultasSLAImp:65] [getDiasHabiles] dias feriados: 0
[21/12/2017 11:45:22,672] INFO [dao.impl.ConsultasSLAImp:26] [isSLA] 7.75
[21/12/2017 11:45:40,799] INFO [dao.impl.ConsultasSLAImp:22] [isSLA] Sla [inicio=Mon Dec 04 10:15:02 CLST 2017, fin=Mon Dec 04 11:30:15 CLST 2017, horasSla=16.5, horasConsumidas=0.0]
[21/12/2017 11:45:40,803] INFO [dao.impl.ConsultasSLAImp:45] [getDiasHabiles] fecha inicio metodo Mon Dec 04 00:00:00 CLST 2017
[21/12/2017 11:45:40,803] INFO [dao.impl.ConsultasSLAImp:46] [getDiasHabiles] fecha fin metodo Mon Dec 04 00:00:00 CLST 2017
[21/12/2017 11:45:40,803] INFO [dao.impl.ConsultasSLAImp:48] [getDiasHabiles] entramos al metodo
[21/12/2017 11:45:40,803] INFO [dao.impl.ConsultasSLAImp:50] [getDiasHabiles] entramos al while
[21/12/2017 11:45:40,808] INFO [dao.impl.ConsultasSLAImp:63] [getDiasHabiles] dias habiles: 0
[21/12/2017 11:45:40,808] INFO [dao.impl.ConsultasSLAImp:65] [getDiasHabiles] dias feriados: 0
[21/12/2017 11:45:40,809] INFO [dao.impl.ConsultasSLAImp:26] [isSLA] 1.25
[21/12/2017 11:45:55,372] INFO [dao.impl.ConsultasSLAImp:22] [isSLA] Sla [inicio=Mon Dec 04 21:15:02 CLST 2017, fin=Mon Dec 04 22:30:15 CLST 2017, horasSla=16.5, horasConsumidas=0.0]
[21/12/2017 11:45:55,379] INFO [dao.impl.ConsultasSLAImp:45] [getDiasHabiles] fecha inicio metodo Mon Dec 04 00:00:00 CLST 2017
[21/12/2017 11:45:55,379] INFO [dao.impl.ConsultasSLAImp:46] [getDiasHabiles] fecha fin metodo Mon Dec 04 00:00:00 CLST 2017
[21/12/2017 11:45:55,379] INFO [dao.impl.ConsultasSLAImp:48] [getDiasHabiles] entramos al metodo
[21/12/2017 11:45:55,380] INFO [dao.impl.ConsultasSLAImp:50] [getDiasHabiles] entramos al while
[21/12/2017 11:45:55,385] INFO [dao.impl.ConsultasSLAImp:63] [getDiasHabiles] dias habiles: 0
[21/12/2017 11:45:55,385] INFO [dao.impl.ConsultasSLAImp:65] [getDiasHabiles] dias feriados: 0
[21/12/2017 11:45:55,386] INFO [dao.impl.ConsultasSLAImp:26] [isSLA] 0.0
